Determining if the pthread_create exist failed with the following output:
Change Dir: /home/seuuung/catkin_ws/build/CMakeFiles/CMakeTmp

Run Build Command:"/usr/bin/make" "cmTC_6cb2e/fast"
/usr/bin/make -f CMakeFiles/cmTC_6cb2e.dir/build.make CMakeFiles/cmTC_6cb2e.dir/build
make[1]: 디렉터리 '/home/seuuung/catkin_ws/build/CMakeFiles/CMakeTmp' 들어감
Building C object CMakeFiles/cmTC_6cb2e.dir/CheckSymbolExists.c.o
/usr/bin/cc    -o CMakeFiles/cmTC_6cb2e.dir/CheckSymbolExists.c.o   -c /home/seuuung/catkin_ws/build/CMakeFiles/CMakeTmp/CheckSymbolExists.c
Linking C executable cmTC_6cb2e
/usr/bin/cmake -E cmake_link_script CMakeFiles/cmTC_6cb2e.dir/link.txt --verbose=1
/usr/bin/cc      -rdynamic CMakeFiles/cmTC_6cb2e.dir/CheckSymbolExists.c.o  -o cmTC_6cb2e 
CMakeFiles/cmTC_6cb2e.dir/CheckSymbolExists.c.o: In function `main':
CheckSymbolExists.c:(.text+0x1b): undefined reference to `pthread_create'
collect2: error: ld returned 1 exit status
CMakeFiles/cmTC_6cb2e.dir/build.make:97: recipe for target 'cmTC_6cb2e' failed
make[1]: *** [cmTC_6cb2e] Error 1
make[1]: 디렉터리 '/home/seuuung/catkin_ws/build/CMakeFiles/CMakeTmp' 나감
Makefile:126: recipe for target 'cmTC_6cb2e/fast' failed
make: *** [cmTC_6cb2e/fast] Error 2

File /home/seuuung/catkin_ws/build/CMakeFiles/CMakeTmp/CheckSymbolExists.c:
/* */
#include <pthread.h>

int main(int argc, char** argv)
{
  (void)argv;
#ifndef pthread_create
  return ((int*)(&pthread_create))[argc];
#else
  (void)argc;
  return 0;
#endif
}

Determining if the function pthread_create exists in the pthreads failed with the following output:
Change Dir: /home/seuuung/catkin_ws/build/CMakeFiles/CMakeTmp

Run Build Command:"/usr/bin/make" "cmTC_120d9/fast"
/usr/bin/make -f CMakeFiles/cmTC_120d9.dir/build.make CMakeFiles/cmTC_120d9.dir/build
make[1]: 디렉터리 '/home/seuuung/catkin_ws/build/CMakeFiles/CMakeTmp' 들어감
Building C object CMakeFiles/cmTC_120d9.dir/CheckFunctionExists.c.o
/usr/bin/cc   -DCHECK_FUNCTION_EXISTS=pthread_create   -o CMakeFiles/cmTC_120d9.dir/CheckFunctionExists.c.o   -c /usr/share/cmake-3.10/Modules/CheckFunctionExists.c
Linking C executable cmTC_120d9
/usr/bin/cmake -E cmake_link_script CMakeFiles/cmTC_120d9.dir/link.txt --verbose=1
/usr/bin/cc  -DCHECK_FUNCTION_EXISTS=pthread_create    -rdynamic CMakeFiles/cmTC_120d9.dir/CheckFunctionExists.c.o  -o cmTC_120d9 -lpthreads 
/usr/bin/ld: cannot find -lpthreads
collect2: error: ld returned 1 exit status
CMakeFiles/cmTC_120d9.dir/build.make:97: recipe for target 'cmTC_120d9' failed
make[1]: *** [cmTC_120d9] Error 1
make[1]: 디렉터리 '/home/seuuung/catkin_ws/build/CMakeFiles/CMakeTmp' 나감
Makefile:126: recipe for target 'cmTC_120d9/fast' failed
make: *** [cmTC_120d9/fast] Error 2


